{"contracts/DiamondProxyContract.sol":{"l":{"18":83,"19":83,"33":21,"35":21,"36":273,"37":273,"42":273,"47":273,"50":21,"54":1,"58":1,"62":60,"63":60,"64":60,"66":60},"path":"/home/bilal/bilal_projects/Learning/ERC20Diamond/contracts/DiamondProxyContract.sol","s":{"1":83,"2":21,"3":21,"4":273,"5":273,"6":273,"7":21,"8":1,"9":1,"10":60,"11":60,"12":60},"b":{"1":[273,0],"2":[60,0]},"f":{"1":83,"2":63,"3":21,"4":1,"5":1,"6":60},"fnMap":{"1":{"name":"layout","line":17,"loc":{"start":{"line":17,"column":4},"end":{"line":22,"column":4}}},"2":{"name":"constructor","line":28,"loc":{"start":{"line":28,"column":1},"end":{"line":30,"column":1}}},"3":{"name":"addFacet","line":32,"loc":{"start":{"line":32,"column":4},"end":{"line":51,"column":4}}},"4":{"name":"facetAddress","line":53,"loc":{"start":{"line":53,"column":4},"end":{"line":55,"column":4}}},"5":{"name":"facetSelectors","line":57,"loc":{"start":{"line":57,"column":4},"end":{"line":59,"column":4}}},"6":{"name":null,"line":61,"loc":{"start":{"line":61,"column":4},"end":{"line":78,"column":4}}}},"statementMap":{"1":{"start":{"line":18,"column":8},"end":{"line":18,"column":35}},"2":{"start":{"line":33,"column":8},"end":{"line":33,"column":66}},"3":{"start":{"line":35,"column":8},"end":{"line":35,"column":857}},"4":{"start":{"line":36,"column":12},"end":{"line":36,"column":42}},"5":{"start":{"line":37,"column":12},"end":{"line":37,"column":966}},"6":{"start":{"line":47,"column":12},"end":{"line":47,"column":38}},"7":{"start":{"line":50,"column":8},"end":{"line":50,"column":41}},"8":{"start":{"line":54,"column":8},"end":{"line":54,"column":88}},"9":{"start":{"line":58,"column":8},"end":{"line":58,"column":48}},"10":{"start":{"line":62,"column":8},"end":{"line":62,"column":66}},"11":{"start":{"line":63,"column":8},"end":{"line":63,"column":75}},"12":{"start":{"line":64,"column":8},"end":{"line":64,"column":62}}},"branchMap":{"1":{"line":37,"type":"if","locations":[{"start":{"line":37,"column":12},"end":{"line":37,"column":12}},{"start":{"line":37,"column":12},"end":{"line":37,"column":12}}]},"2":{"line":64,"type":"if","locations":[{"start":{"line":64,"column":8},"end":{"line":64,"column":8}},{"start":{"line":64,"column":8},"end":{"line":64,"column":8}}]}}},"contracts/ERC20/ERC20Facet.sol":{"l":{"14":22,"15":22,"17":21,"18":21,"19":21,"20":21,"24":1,"28":1,"32":1,"36":3,"40":1,"44":6,"48":2,"52":4,"56":3,"60":2,"64":11,"68":3},"path":"/home/bilal/bilal_projects/Learning/ERC20Diamond/contracts/ERC20/ERC20Facet.sol","s":{"1":22,"2":22,"3":1,"4":1,"5":1,"6":3,"7":1,"8":6,"9":2,"10":4,"11":3,"12":2,"13":11,"14":3},"b":{"1":[21,1]},"f":{"1":22,"2":1,"3":1,"4":1,"5":3,"6":1,"7":6,"8":2,"9":4,"10":3,"11":2,"12":11,"13":3},"fnMap":{"1":{"name":"initialize","line":9,"loc":{"start":{"line":9,"column":4},"end":{"line":21,"column":4}}},"2":{"name":"name","line":23,"loc":{"start":{"line":23,"column":4},"end":{"line":25,"column":4}}},"3":{"name":"symbol","line":27,"loc":{"start":{"line":27,"column":4},"end":{"line":29,"column":4}}},"4":{"name":"decimals","line":31,"loc":{"start":{"line":31,"column":4},"end":{"line":33,"column":4}}},"5":{"name":"totalSupply","line":35,"loc":{"start":{"line":35,"column":4},"end":{"line":37,"column":4}}},"6":{"name":"maxSupply","line":39,"loc":{"start":{"line":39,"column":4},"end":{"line":41,"column":4}}},"7":{"name":"balanceOf","line":43,"loc":{"start":{"line":43,"column":4},"end":{"line":45,"column":4}}},"8":{"name":"allowance","line":47,"loc":{"start":{"line":47,"column":4},"end":{"line":49,"column":4}}},"9":{"name":"approve","line":51,"loc":{"start":{"line":51,"column":4},"end":{"line":53,"column":4}}},"10":{"name":"transfer","line":55,"loc":{"start":{"line":55,"column":4},"end":{"line":57,"column":4}}},"11":{"name":"transferFrom","line":59,"loc":{"start":{"line":59,"column":4},"end":{"line":61,"column":4}}},"12":{"name":"mint","line":63,"loc":{"start":{"line":63,"column":4},"end":{"line":65,"column":4}}},"13":{"name":"burn","line":67,"loc":{"start":{"line":67,"column":4},"end":{"line":69,"column":4}}}},"statementMap":{"1":{"start":{"line":14,"column":8},"end":{"line":14,"column":61}},"2":{"start":{"line":15,"column":8},"end":{"line":15,"column":64}},"3":{"start":{"line":24,"column":8},"end":{"line":24,"column":41}},"4":{"start":{"line":28,"column":8},"end":{"line":28,"column":43}},"5":{"start":{"line":32,"column":8},"end":{"line":32,"column":45}},"6":{"start":{"line":36,"column":8},"end":{"line":36,"column":29}},"7":{"start":{"line":40,"column":8},"end":{"line":40,"column":46}},"8":{"start":{"line":44,"column":8},"end":{"line":44,"column":34}},"9":{"start":{"line":48,"column":8},"end":{"line":48,"column":41}},"10":{"start":{"line":52,"column":8},"end":{"line":52,"column":52}},"11":{"start":{"line":56,"column":8},"end":{"line":56,"column":48}},"12":{"start":{"line":60,"column":8},"end":{"line":60,"column":46}},"13":{"start":{"line":64,"column":8},"end":{"line":64,"column":24}},"14":{"start":{"line":68,"column":8},"end":{"line":68,"column":32}}},"branchMap":{"1":{"line":15,"type":"if","locations":[{"start":{"line":15,"column":8},"end":{"line":15,"column":8}},{"start":{"line":15,"column":8},"end":{"line":15,"column":8}}]}}},"contracts/ERC20/ERC20Internal.sol":{"l":{"11":6,"15":3,"19":2,"23":4,"24":4,"26":4,"28":4,"29":4,"31":3,"32":3,"33":3,"36":3,"37":3,"41":5,"42":5,"44":5,"45":5,"46":5,"50":2,"52":2,"53":2,"55":1,"56":1,"59":1,"63":11,"65":11,"67":11,"69":10,"70":10,"71":10,"74":10,"78":3,"80":3,"82":3,"83":3,"85":2,"86":2,"87":2,"90":2},"path":"/home/bilal/bilal_projects/Learning/ERC20Diamond/contracts/ERC20/ERC20Internal.sol","s":{"1":6,"2":3,"3":2,"4":4,"5":4,"6":4,"7":4,"8":4,"9":3,"10":3,"11":5,"12":5,"13":5,"14":5,"15":2,"16":2,"17":2,"18":1,"19":1,"20":11,"21":11,"22":11,"23":10,"24":3,"25":3,"26":3,"27":3,"28":2},"b":{"1":[4,0],"2":[4,0],"3":[3,1],"4":[5,0],"5":[5,0],"6":[1,1],"7":[11,0],"8":[10,1],"9":[3,0],"10":[2,1]},"f":{"1":6,"2":3,"3":2,"4":4,"5":5,"6":2,"7":11,"8":3},"fnMap":{"1":{"name":"_balanceOf","line":10,"loc":{"start":{"line":10,"column":4},"end":{"line":12,"column":4}}},"2":{"name":"_totalSupply","line":14,"loc":{"start":{"line":14,"column":4},"end":{"line":16,"column":4}}},"3":{"name":"_allowance","line":18,"loc":{"start":{"line":18,"column":4},"end":{"line":20,"column":4}}},"4":{"name":"_transfer","line":22,"loc":{"start":{"line":22,"column":4},"end":{"line":38,"column":4}}},"5":{"name":"_approve","line":40,"loc":{"start":{"line":40,"column":4},"end":{"line":47,"column":4}}},"6":{"name":"_transferFrom","line":49,"loc":{"start":{"line":49,"column":4},"end":{"line":60,"column":4}}},"7":{"name":"_mint","line":62,"loc":{"start":{"line":62,"column":4},"end":{"line":75,"column":4}}},"8":{"name":"_burn","line":77,"loc":{"start":{"line":77,"column":4},"end":{"line":91,"column":4}}}},"statementMap":{"1":{"start":{"line":11,"column":8},"end":{"line":11,"column":54}},"2":{"start":{"line":15,"column":8},"end":{"line":15,"column":48}},"3":{"start":{"line":19,"column":8},"end":{"line":19,"column":63}},"4":{"start":{"line":23,"column":8},"end":{"line":23,"column":71}},"5":{"start":{"line":24,"column":8},"end":{"line":24,"column":67}},"6":{"start":{"line":26,"column":8},"end":{"line":26,"column":61}},"7":{"start":{"line":28,"column":8},"end":{"line":28,"column":46}},"8":{"start":{"line":29,"column":8},"end":{"line":29,"column":68}},"9":{"start":{"line":36,"column":8},"end":{"line":36,"column":39}},"10":{"start":{"line":37,"column":8},"end":{"line":37,"column":19}},"11":{"start":{"line":41,"column":8},"end":{"line":41,"column":71}},"12":{"start":{"line":42,"column":8},"end":{"line":42,"column":71}},"13":{"start":{"line":45,"column":8},"end":{"line":45,"column":45}},"14":{"start":{"line":46,"column":8},"end":{"line":46,"column":19}},"15":{"start":{"line":50,"column":8},"end":{"line":50,"column":61}},"16":{"start":{"line":52,"column":8},"end":{"line":52,"column":65}},"17":{"start":{"line":53,"column":8},"end":{"line":53,"column":75}},"18":{"start":{"line":56,"column":12},"end":{"line":56,"column":64}},"19":{"start":{"line":59,"column":8},"end":{"line":59,"column":42}},"20":{"start":{"line":63,"column":8},"end":{"line":63,"column":68}},"21":{"start":{"line":65,"column":8},"end":{"line":65,"column":61}},"22":{"start":{"line":67,"column":8},"end":{"line":67,"column":82}},"23":{"start":{"line":74,"column":8},"end":{"line":74,"column":50}},"24":{"start":{"line":78,"column":8},"end":{"line":78,"column":70}},"25":{"start":{"line":80,"column":8},"end":{"line":80,"column":61}},"26":{"start":{"line":82,"column":8},"end":{"line":82,"column":52}},"27":{"start":{"line":83,"column":8},"end":{"line":83,"column":71}},"28":{"start":{"line":90,"column":8},"end":{"line":90,"column":50}}},"branchMap":{"1":{"line":23,"type":"if","locations":[{"start":{"line":23,"column":8},"end":{"line":23,"column":8}},{"start":{"line":23,"column":8},"end":{"line":23,"column":8}}]},"2":{"line":24,"type":"if","locations":[{"start":{"line":24,"column":8},"end":{"line":24,"column":8}},{"start":{"line":24,"column":8},"end":{"line":24,"column":8}}]},"3":{"line":29,"type":"if","locations":[{"start":{"line":29,"column":8},"end":{"line":29,"column":8}},{"start":{"line":29,"column":8},"end":{"line":29,"column":8}}]},"4":{"line":41,"type":"if","locations":[{"start":{"line":41,"column":8},"end":{"line":41,"column":8}},{"start":{"line":41,"column":8},"end":{"line":41,"column":8}}]},"5":{"line":42,"type":"if","locations":[{"start":{"line":42,"column":8},"end":{"line":42,"column":8}},{"start":{"line":42,"column":8},"end":{"line":42,"column":8}}]},"6":{"line":53,"type":"if","locations":[{"start":{"line":53,"column":8},"end":{"line":53,"column":8}},{"start":{"line":53,"column":8},"end":{"line":53,"column":8}}]},"7":{"line":63,"type":"if","locations":[{"start":{"line":63,"column":8},"end":{"line":63,"column":8}},{"start":{"line":63,"column":8},"end":{"line":63,"column":8}}]},"8":{"line":67,"type":"if","locations":[{"start":{"line":67,"column":8},"end":{"line":67,"column":8}},{"start":{"line":67,"column":8},"end":{"line":67,"column":8}}]},"9":{"line":78,"type":"if","locations":[{"start":{"line":78,"column":8},"end":{"line":78,"column":8}},{"start":{"line":78,"column":8},"end":{"line":78,"column":8}}]},"10":{"line":83,"type":"if","locations":[{"start":{"line":83,"column":8},"end":{"line":83,"column":8}},{"start":{"line":83,"column":8},"end":{"line":83,"column":8}}]}}},"contracts/ERC20/ERC20Storage.sol":{"l":{"18":62,"19":62},"path":"/home/bilal/bilal_projects/Learning/ERC20Diamond/contracts/ERC20/ERC20Storage.sol","s":{"1":62},"b":{},"f":{"1":62},"fnMap":{"1":{"name":"layout","line":17,"loc":{"start":{"line":17,"column":4},"end":{"line":22,"column":4}}}},"statementMap":{"1":{"start":{"line":18,"column":8},"end":{"line":18,"column":35}}},"branchMap":{}}}