{"contracts/Diamond.sol":{"l":{"17":25,"20":25,"21":25,"22":25,"23":25,"28":25,"34":287,"35":287,"37":287,"41":287,"42":287,"44":287},"path":"/home/bilal/bilal_projects/Learning/ERC20Diamond/contracts/Diamond.sol","s":{"1":25,"2":25,"3":25,"4":25,"5":287,"6":287,"7":287,"8":287},"b":{"1":[287,0]},"f":{"1":25,"2":287},"fnMap":{"1":{"name":"constructor","line":16,"loc":{"start":{"line":16,"column":4},"end":{"line":29,"column":4}}},"2":{"name":null,"line":33,"loc":{"start":{"line":33,"column":4},"end":{"line":60,"column":4}}}},"statementMap":{"1":{"start":{"line":17,"column":8},"end":{"line":17,"column":50}},"2":{"start":{"line":20,"column":8},"end":{"line":20,"column":73}},"3":{"start":{"line":21,"column":8},"end":{"line":21,"column":59}},"4":{"start":{"line":28,"column":8},"end":{"line":28,"column":49}},"5":{"start":{"line":34,"column":8},"end":{"line":34,"column":44}},"6":{"start":{"line":35,"column":8},"end":{"line":35,"column":62}},"7":{"start":{"line":41,"column":8},"end":{"line":41,"column":75}},"8":{"start":{"line":42,"column":8},"end":{"line":42,"column":71}}},"branchMap":{"1":{"line":42,"type":"if","locations":[{"start":{"line":42,"column":8},"end":{"line":42,"column":8}},{"start":{"line":42,"column":8},"end":{"line":42,"column":8}}]}}},"contracts/DiamondInit.sol":{"l":{"25":25,"26":25,"27":25,"28":25,"31":25,"32":25,"33":25,"34":25,"38":25,"39":25,"40":25,"43":25,"44":25,"45":25,"46":25,"49":25,"50":25,"51":25,"52":25,"53":25},"path":"/home/bilal/bilal_projects/Learning/ERC20Diamond/contracts/DiamondInit.sol","s":{"1":25,"2":25,"3":25,"4":25,"5":25,"6":25},"b":{"1":[25,0]},"f":{"1":25},"fnMap":{"1":{"name":"init","line":23,"loc":{"start":{"line":23,"column":4},"end":{"line":54,"column":4}}}},"statementMap":{"1":{"start":{"line":25,"column":8},"end":{"line":25,"column":66}},"2":{"start":{"line":31,"column":8},"end":{"line":31,"column":991}},"3":{"start":{"line":32,"column":12},"end":{"line":32,"column":54}},"4":{"start":{"line":38,"column":8},"end":{"line":38,"column":62}},"5":{"start":{"line":43,"column":8},"end":{"line":43,"column":78}},"6":{"start":{"line":49,"column":8},"end":{"line":49,"column":74}}},"branchMap":{"1":{"line":31,"type":"if","locations":[{"start":{"line":31,"column":8},"end":{"line":31,"column":8}},{"start":{"line":31,"column":8},"end":{"line":31,"column":8}}]}}},"contracts/facets/DiamondCutFacet.sol":{"l":{"26":25,"27":25},"path":"/home/bilal/bilal_projects/Learning/ERC20Diamond/contracts/facets/DiamondCutFacet.sol","s":{"1":25,"2":25},"b":{},"f":{"1":25},"fnMap":{"1":{"name":"diamondCut","line":21,"loc":{"start":{"line":21,"column":4},"end":{"line":28,"column":4}}}},"statementMap":{"1":{"start":{"line":26,"column":8},"end":{"line":26,"column":42}},"2":{"start":{"line":27,"column":8},"end":{"line":27,"column":59}}},"branchMap":{}},"contracts/facets/DiamondLoupeFacet.sol":{"l":{"29":2,"30":2,"31":2,"32":2,"33":14,"34":14,"35":14,"43":1,"44":1,"50":2,"51":2,"59":0,"60":0,"65":0,"66":0},"path":"/home/bilal/bilal_projects/Learning/ERC20Diamond/contracts/facets/DiamondLoupeFacet.sol","s":{"1":2,"2":2,"3":2,"4":14,"5":1,"6":2,"7":0,"8":0,"9":0},"b":{},"f":{"1":2,"2":1,"3":2,"4":0,"5":0},"fnMap":{"1":{"name":"facets","line":28,"loc":{"start":{"line":28,"column":4},"end":{"line":37,"column":4}}},"2":{"name":"facetFunctionSelectors","line":42,"loc":{"start":{"line":42,"column":4},"end":{"line":45,"column":4}}},"3":{"name":"facetAddresses","line":49,"loc":{"start":{"line":49,"column":4},"end":{"line":52,"column":4}}},"4":{"name":"facetAddress","line":58,"loc":{"start":{"line":58,"column":4},"end":{"line":61,"column":4}}},"5":{"name":"supportsInterface","line":64,"loc":{"start":{"line":64,"column":4},"end":{"line":67,"column":4}}}},"statementMap":{"1":{"start":{"line":29,"column":8},"end":{"line":29,"column":74}},"2":{"start":{"line":30,"column":8},"end":{"line":30,"column":52}},"3":{"start":{"line":32,"column":8},"end":{"line":32,"column":1353}},"4":{"start":{"line":33,"column":12},"end":{"line":33,"column":56}},"5":{"start":{"line":43,"column":8},"end":{"line":43,"column":74}},"6":{"start":{"line":50,"column":8},"end":{"line":50,"column":74}},"7":{"start":{"line":59,"column":8},"end":{"line":59,"column":74}},"8":{"start":{"line":65,"column":8},"end":{"line":65,"column":74}},"9":{"start":{"line":66,"column":8},"end":{"line":66,"column":51}}},"branchMap":{}},"contracts/facets/ERC20Facet.sol":{"l":{"11":26,"15":26,"19":26,"23":26,"27":29,"31":1,"35":1,"36":1,"37":1,"41":1,"42":1,"43":1,"47":1,"48":1,"49":1,"50":1},"path":"/home/bilal/bilal_projects/Learning/ERC20Diamond/contracts/facets/ERC20Facet.sol","s":{"1":26,"2":26,"3":26,"4":26,"5":29,"6":1,"7":1,"8":1,"9":1,"10":1,"11":1,"12":1,"13":1,"14":1,"15":1,"16":1},"b":{},"f":{"1":26,"2":26,"3":26,"4":26,"5":29,"6":1,"7":1,"8":1,"9":1},"fnMap":{"1":{"name":"name","line":10,"loc":{"start":{"line":10,"column":4},"end":{"line":12,"column":4}}},"2":{"name":"symbol","line":14,"loc":{"start":{"line":14,"column":4},"end":{"line":16,"column":4}}},"3":{"name":"decimals","line":18,"loc":{"start":{"line":18,"column":4},"end":{"line":20,"column":4}}},"4":{"name":"totalSupply","line":22,"loc":{"start":{"line":22,"column":4},"end":{"line":24,"column":4}}},"5":{"name":"balanceOf","line":26,"loc":{"start":{"line":26,"column":4},"end":{"line":28,"column":4}}},"6":{"name":"allowance","line":30,"loc":{"start":{"line":30,"column":4},"end":{"line":32,"column":4}}},"7":{"name":"approve","line":34,"loc":{"start":{"line":34,"column":4},"end":{"line":38,"column":4}}},"8":{"name":"transfer","line":40,"loc":{"start":{"line":40,"column":4},"end":{"line":44,"column":4}}},"9":{"name":"transferFrom","line":46,"loc":{"start":{"line":46,"column":4},"end":{"line":51,"column":4}}}},"statementMap":{"1":{"start":{"line":11,"column":8},"end":{"line":11,"column":43}},"2":{"start":{"line":15,"column":8},"end":{"line":15,"column":45}},"3":{"start":{"line":19,"column":8},"end":{"line":19,"column":47}},"4":{"start":{"line":23,"column":8},"end":{"line":23,"column":38}},"5":{"start":{"line":27,"column":8},"end":{"line":27,"column":43}},"6":{"start":{"line":31,"column":8},"end":{"line":31,"column":65}},"7":{"start":{"line":35,"column":8},"end":{"line":35,"column":53}},"8":{"start":{"line":36,"column":8},"end":{"line":36,"column":50}},"9":{"start":{"line":37,"column":8},"end":{"line":37,"column":19}},"10":{"start":{"line":41,"column":8},"end":{"line":41,"column":49}},"11":{"start":{"line":42,"column":8},"end":{"line":42,"column":45}},"12":{"start":{"line":43,"column":8},"end":{"line":43,"column":19}},"13":{"start":{"line":47,"column":8},"end":{"line":47,"column":57}},"14":{"start":{"line":48,"column":8},"end":{"line":48,"column":43}},"15":{"start":{"line":49,"column":8},"end":{"line":49,"column":39}},"16":{"start":{"line":50,"column":8},"end":{"line":50,"column":19}}},"branchMap":{}},"contracts/facets/MultiSigFacet.sol":{"l":{"17":8,"18":8,"22":5,"23":5,"27":5,"28":5,"32":3,"33":3,"40":5,"41":5,"43":5,"44":5,"45":5,"47":5,"48":10,"49":10,"50":10,"52":10,"53":10,"54":10,"57":5,"58":5,"66":3,"68":3,"69":3,"77":3,"78":3,"90":3,"91":3,"92":3,"93":3,"104":1,"105":1,"107":1,"109":1,"111":1,"112":1,"114":1,"125":1,"126":1,"128":1,"129":1,"130":1,"136":1,"137":1,"139":1,"140":1,"142":1,"143":1,"144":1,"150":1,"151":1,"153":1,"154":1,"156":1,"159":1,"160":3,"161":1,"162":1,"163":1,"166":1,"172":0,"173":0,"175":0,"176":0,"177":0,"182":1,"186":1,"190":1,"200":1,"201":1,"211":2,"215":2},"path":"/home/bilal/bilal_projects/Learning/ERC20Diamond/contracts/facets/MultiSigFacet.sol","s":{"1":8,"2":5,"3":5,"4":3,"5":5,"6":5,"7":5,"8":5,"9":5,"10":5,"11":10,"12":10,"13":10,"14":10,"15":10,"16":5,"17":3,"18":3,"19":3,"20":3,"21":3,"22":3,"23":3,"24":1,"25":1,"26":1,"27":1,"28":1,"29":1,"30":1,"31":1,"32":1,"33":1,"34":1,"35":1,"36":1,"37":1,"38":1,"39":1,"40":1,"41":1,"42":1,"43":1,"44":3,"45":1,"46":1,"47":0,"48":0,"49":0,"50":0,"51":1,"52":1,"53":1,"54":1,"55":1,"56":2,"57":2},"b":{"1":[8,0],"2":[5,0],"3":[5,0],"4":[3,0],"5":[5,0],"6":[5,0],"7":[5,0],"8":[10,0],"9":[10,0],"10":[3,0],"11":[3,0],"12":[3,0],"13":[3,0],"14":[3,0],"15":[1,0],"16":[1,0],"17":[1,0],"18":[1,0],"19":[1,0],"20":[1,0],"21":[1,0],"22":[1,0],"23":[1,0],"24":[1,0],"25":[1,0],"26":[1,0],"27":[1,0],"28":[1,2],"29":[0,0]},"f":{"1":8,"2":5,"3":5,"4":3,"5":5,"6":3,"7":3,"8":1,"9":1,"10":1,"11":1,"12":0,"13":1,"14":1,"15":1,"16":1,"17":2,"18":2},"fnMap":{"1":{"name":"onlyMultiSigOwner","line":16,"loc":{"start":{"line":16,"column":4},"end":{"line":19,"column":4}}},"2":{"name":"txExists","line":21,"loc":{"start":{"line":21,"column":4},"end":{"line":24,"column":4}}},"3":{"name":"notExecuted","line":26,"loc":{"start":{"line":26,"column":4},"end":{"line":29,"column":4}}},"4":{"name":"notConfirmed","line":31,"loc":{"start":{"line":31,"column":4},"end":{"line":34,"column":4}}},"5":{"name":"initializeMultiSig","line":39,"loc":{"start":{"line":39,"column":4},"end":{"line":59,"column":4}}},"6":{"name":"submitTransaction","line":65,"loc":{"start":{"line":65,"column":4},"end":{"line":79,"column":4}}},"7":{"name":"confirmTransaction","line":88,"loc":{"start":{"line":83,"column":4},"end":{"line":94,"column":4}}},"8":{"name":"executeTransaction","line":102,"loc":{"start":{"line":98,"column":4},"end":{"line":115,"column":4}}},"9":{"name":"revokeConfirmation","line":123,"loc":{"start":{"line":119,"column":4},"end":{"line":131,"column":4}}},"10":{"name":"addOwner","line":135,"loc":{"start":{"line":135,"column":4},"end":{"line":145,"column":4}}},"11":{"name":"removeOwner","line":149,"loc":{"start":{"line":149,"column":4},"end":{"line":167,"column":4}}},"12":{"name":"changeRequirement","line":171,"loc":{"start":{"line":171,"column":4},"end":{"line":178,"column":4}}},"13":{"name":"getOwners","line":181,"loc":{"start":{"line":181,"column":4},"end":{"line":183,"column":4}}},"14":{"name":"getRequiredConfirmations","line":185,"loc":{"start":{"line":185,"column":4},"end":{"line":187,"column":4}}},"15":{"name":"getTransactionCount","line":189,"loc":{"start":{"line":189,"column":4},"end":{"line":191,"column":4}}},"16":{"name":"getTransaction","line":193,"loc":{"start":{"line":193,"column":4},"end":{"line":208,"column":4}}},"17":{"name":"isConfirmed","line":210,"loc":{"start":{"line":210,"column":4},"end":{"line":212,"column":4}}},"18":{"name":"isOwner","line":214,"loc":{"start":{"line":214,"column":4},"end":{"line":216,"column":4}}}},"statementMap":{"1":{"start":{"line":17,"column":8},"end":{"line":17,"column":91}},"2":{"start":{"line":22,"column":8},"end":{"line":22,"column":113}},"3":{"start":{"line":27,"column":8},"end":{"line":27,"column":117}},"4":{"start":{"line":32,"column":8},"end":{"line":32,"column":122}},"5":{"start":{"line":40,"column":8},"end":{"line":40,"column":42}},"6":{"start":{"line":41,"column":8},"end":{"line":41,"column":78}},"7":{"start":{"line":43,"column":8},"end":{"line":43,"column":70}},"8":{"start":{"line":44,"column":8},"end":{"line":44,"column":63}},"9":{"start":{"line":45,"column":8},"end":{"line":45,"column":97}},"10":{"start":{"line":47,"column":8},"end":{"line":47,"column":1989}},"11":{"start":{"line":48,"column":12},"end":{"line":48,"column":38}},"12":{"start":{"line":49,"column":12},"end":{"line":49,"column":66}},"13":{"start":{"line":50,"column":12},"end":{"line":50,"column":68}},"14":{"start":{"line":53,"column":12},"end":{"line":53,"column":32}},"15":{"start":{"line":54,"column":12},"end":{"line":54,"column":34}},"16":{"start":{"line":58,"column":8},"end":{"line":58,"column":42}},"17":{"start":{"line":66,"column":8},"end":{"line":66,"column":78}},"18":{"start":{"line":68,"column":8},"end":{"line":68,"column":45}},"19":{"start":{"line":69,"column":8},"end":{"line":69,"column":2865}},"20":{"start":{"line":77,"column":8},"end":{"line":77,"column":59}},"21":{"start":{"line":78,"column":8},"end":{"line":78,"column":19}},"22":{"start":{"line":90,"column":8},"end":{"line":90,"column":78}},"23":{"start":{"line":93,"column":8},"end":{"line":93,"column":52}},"24":{"start":{"line":104,"column":8},"end":{"line":104,"column":78}},"25":{"start":{"line":105,"column":8},"end":{"line":105,"column":76}},"26":{"start":{"line":107,"column":8},"end":{"line":107,"column":107}},"27":{"start":{"line":111,"column":8},"end":{"line":111,"column":90}},"28":{"start":{"line":112,"column":8},"end":{"line":112,"column":65}},"29":{"start":{"line":114,"column":8},"end":{"line":114,"column":39}},"30":{"start":{"line":125,"column":8},"end":{"line":125,"column":78}},"31":{"start":{"line":126,"column":8},"end":{"line":126,"column":90}},"32":{"start":{"line":130,"column":8},"end":{"line":130,"column":50}},"33":{"start":{"line":136,"column":8},"end":{"line":136,"column":42}},"34":{"start":{"line":137,"column":8},"end":{"line":137,"column":78}},"35":{"start":{"line":139,"column":8},"end":{"line":139,"column":63}},"36":{"start":{"line":140,"column":8},"end":{"line":140,"column":61}},"37":{"start":{"line":143,"column":8},"end":{"line":143,"column":29}},"38":{"start":{"line":144,"column":8},"end":{"line":144,"column":31}},"39":{"start":{"line":150,"column":8},"end":{"line":150,"column":42}},"40":{"start":{"line":151,"column":8},"end":{"line":151,"column":78}},"41":{"start":{"line":153,"column":8},"end":{"line":153,"column":60}},"42":{"start":{"line":154,"column":8},"end":{"line":154,"column":97}},"43":{"start":{"line":159,"column":8},"end":{"line":159,"column":6029}},"44":{"start":{"line":160,"column":12},"end":{"line":160,"column":6094}},"45":{"start":{"line":162,"column":16},"end":{"line":162,"column":30}},"46":{"start":{"line":166,"column":8},"end":{"line":166,"column":33}},"47":{"start":{"line":172,"column":8},"end":{"line":172,"column":42}},"48":{"start":{"line":173,"column":8},"end":{"line":173,"column":78}},"49":{"start":{"line":175,"column":8},"end":{"line":175,"column":99}},"50":{"start":{"line":177,"column":8},"end":{"line":177,"column":42}},"51":{"start":{"line":182,"column":8},"end":{"line":182,"column":51}},"52":{"start":{"line":186,"column":8},"end":{"line":186,"column":66}},"53":{"start":{"line":190,"column":8},"end":{"line":190,"column":64}},"54":{"start":{"line":200,"column":8},"end":{"line":200,"column":103}},"55":{"start":{"line":201,"column":8},"end":{"line":201,"column":7577}},"56":{"start":{"line":211,"column":8},"end":{"line":211,"column":73}},"57":{"start":{"line":215,"column":8},"end":{"line":215,"column":62}}},"branchMap":{"1":{"line":17,"type":"if","locations":[{"start":{"line":17,"column":8},"end":{"line":17,"column":8}},{"start":{"line":17,"column":8},"end":{"line":17,"column":8}}]},"2":{"line":22,"type":"if","locations":[{"start":{"line":22,"column":8},"end":{"line":22,"column":8}},{"start":{"line":22,"column":8},"end":{"line":22,"column":8}}]},"3":{"line":27,"type":"if","locations":[{"start":{"line":27,"column":8},"end":{"line":27,"column":8}},{"start":{"line":27,"column":8},"end":{"line":27,"column":8}}]},"4":{"line":32,"type":"if","locations":[{"start":{"line":32,"column":8},"end":{"line":32,"column":8}},{"start":{"line":32,"column":8},"end":{"line":32,"column":8}}]},"5":{"line":43,"type":"if","locations":[{"start":{"line":43,"column":8},"end":{"line":43,"column":8}},{"start":{"line":43,"column":8},"end":{"line":43,"column":8}}]},"6":{"line":44,"type":"if","locations":[{"start":{"line":44,"column":8},"end":{"line":44,"column":8}},{"start":{"line":44,"column":8},"end":{"line":44,"column":8}}]},"7":{"line":45,"type":"if","locations":[{"start":{"line":45,"column":8},"end":{"line":45,"column":8}},{"start":{"line":45,"column":8},"end":{"line":45,"column":8}}]},"8":{"line":49,"type":"if","locations":[{"start":{"line":49,"column":12},"end":{"line":49,"column":12}},{"start":{"line":49,"column":12},"end":{"line":49,"column":12}}]},"9":{"line":50,"type":"if","locations":[{"start":{"line":50,"column":12},"end":{"line":50,"column":12}},{"start":{"line":50,"column":12},"end":{"line":50,"column":12}}]},"10":{"line":65,"type":"if","locations":[{"start":{"line":65,"column":89},"end":{"line":65,"column":89}},{"start":{"line":65,"column":89},"end":{"line":65,"column":89}}]},"11":{"line":85,"type":"if","locations":[{"start":{"line":85,"column":8},"end":{"line":85,"column":8}},{"start":{"line":85,"column":8},"end":{"line":85,"column":8}}]},"12":{"line":86,"type":"if","locations":[{"start":{"line":86,"column":8},"end":{"line":86,"column":8}},{"start":{"line":86,"column":8},"end":{"line":86,"column":8}}]},"13":{"line":87,"type":"if","locations":[{"start":{"line":87,"column":8},"end":{"line":87,"column":8}},{"start":{"line":87,"column":8},"end":{"line":87,"column":8}}]},"14":{"line":88,"type":"if","locations":[{"start":{"line":88,"column":8},"end":{"line":88,"column":8}},{"start":{"line":88,"column":8},"end":{"line":88,"column":8}}]},"15":{"line":100,"type":"if","locations":[{"start":{"line":100,"column":8},"end":{"line":100,"column":8}},{"start":{"line":100,"column":8},"end":{"line":100,"column":8}}]},"16":{"line":101,"type":"if","locations":[{"start":{"line":101,"column":8},"end":{"line":101,"column":8}},{"start":{"line":101,"column":8},"end":{"line":101,"column":8}}]},"17":{"line":102,"type":"if","locations":[{"start":{"line":102,"column":8},"end":{"line":102,"column":8}},{"start":{"line":102,"column":8},"end":{"line":102,"column":8}}]},"18":{"line":107,"type":"if","locations":[{"start":{"line":107,"column":8},"end":{"line":107,"column":8}},{"start":{"line":107,"column":8},"end":{"line":107,"column":8}}]},"19":{"line":112,"type":"if","locations":[{"start":{"line":112,"column":8},"end":{"line":112,"column":8}},{"start":{"line":112,"column":8},"end":{"line":112,"column":8}}]},"20":{"line":121,"type":"if","locations":[{"start":{"line":121,"column":8},"end":{"line":121,"column":8}},{"start":{"line":121,"column":8},"end":{"line":121,"column":8}}]},"21":{"line":122,"type":"if","locations":[{"start":{"line":122,"column":8},"end":{"line":122,"column":8}},{"start":{"line":122,"column":8},"end":{"line":122,"column":8}}]},"22":{"line":123,"type":"if","locations":[{"start":{"line":123,"column":8},"end":{"line":123,"column":8}},{"start":{"line":123,"column":8},"end":{"line":123,"column":8}}]},"23":{"line":126,"type":"if","locations":[{"start":{"line":126,"column":8},"end":{"line":126,"column":8}},{"start":{"line":126,"column":8},"end":{"line":126,"column":8}}]},"24":{"line":139,"type":"if","locations":[{"start":{"line":139,"column":8},"end":{"line":139,"column":8}},{"start":{"line":139,"column":8},"end":{"line":139,"column":8}}]},"25":{"line":140,"type":"if","locations":[{"start":{"line":140,"column":8},"end":{"line":140,"column":8}},{"start":{"line":140,"column":8},"end":{"line":140,"column":8}}]},"26":{"line":153,"type":"if","locations":[{"start":{"line":153,"column":8},"end":{"line":153,"column":8}},{"start":{"line":153,"column":8},"end":{"line":153,"column":8}}]},"27":{"line":154,"type":"if","locations":[{"start":{"line":154,"column":8},"end":{"line":154,"column":8}},{"start":{"line":154,"column":8},"end":{"line":154,"column":8}}]},"28":{"line":160,"type":"if","locations":[{"start":{"line":160,"column":12},"end":{"line":160,"column":12}},{"start":{"line":160,"column":12},"end":{"line":160,"column":12}}]},"29":{"line":175,"type":"if","locations":[{"start":{"line":175,"column":8},"end":{"line":175,"column":8}},{"start":{"line":175,"column":8},"end":{"line":175,"column":8}}]}}},"contracts/facets/OwnershipFacet.sol":{"l":{"9":2,"10":1,"14":2},"path":"/home/bilal/bilal_projects/Learning/ERC20Diamond/contracts/facets/OwnershipFacet.sol","s":{"1":2,"2":1},"b":{},"f":{"1":2,"2":2},"fnMap":{"1":{"name":"transferOwnership","line":8,"loc":{"start":{"line":8,"column":4},"end":{"line":11,"column":4}}},"2":{"name":"owner","line":13,"loc":{"start":{"line":13,"column":4},"end":{"line":15,"column":4}}}},"statementMap":{"1":{"start":{"line":9,"column":8},"end":{"line":9,"column":42}},"2":{"start":{"line":10,"column":8},"end":{"line":10,"column":45}}},"branchMap":{}},"contracts/facets/SwapFacet.sol":{"l":{"18":4,"19":4,"20":4,"21":3,"23":3,"24":3,"27":3,"28":3,"29":3,"31":3,"33":3,"34":3,"40":1,"41":1,"42":1,"43":1,"48":2,"49":2,"50":2,"55":1,"56":1,"57":1,"58":1,"59":1,"64":26,"69":1,"74":27,"79":1},"path":"/home/bilal/bilal_projects/Learning/ERC20Diamond/contracts/facets/SwapFacet.sol","s":{"1":4,"2":4,"3":4,"4":3,"5":3,"6":3,"7":3,"8":3,"9":3,"10":1,"11":1,"12":1,"13":2,"14":2,"15":1,"16":1,"17":1,"18":1,"19":1,"20":26,"21":1,"22":27,"23":1},"b":{"1":[4,0],"2":[3,1],"3":[3,0],"4":[3,0],"5":[1,0],"6":[1,0],"7":[1,0]},"f":{"1":4,"2":1,"3":2,"4":1,"5":26,"6":1,"7":27,"8":1},"fnMap":{"1":{"name":"swapEthForTokens","line":17,"loc":{"start":{"line":17,"column":4},"end":{"line":35,"column":4}}},"2":{"name":"setTokenPrice","line":39,"loc":{"start":{"line":39,"column":4},"end":{"line":44,"column":4}}},"3":{"name":"setSwapEnabled","line":47,"loc":{"start":{"line":47,"column":4},"end":{"line":51,"column":4}}},"4":{"name":"withdrawEth","line":54,"loc":{"start":{"line":54,"column":4},"end":{"line":60,"column":4}}},"5":{"name":"getTokenPrice","line":63,"loc":{"start":{"line":63,"column":4},"end":{"line":65,"column":4}}},"6":{"name":"getTotalEthReceived","line":68,"loc":{"start":{"line":68,"column":4},"end":{"line":70,"column":4}}},"7":{"name":"isSwapEnabled","line":73,"loc":{"start":{"line":73,"column":4},"end":{"line":75,"column":4}}},"8":{"name":"getContractBalance","line":78,"loc":{"start":{"line":78,"column":4},"end":{"line":80,"column":4}}}},"statementMap":{"1":{"start":{"line":18,"column":8},"end":{"line":18,"column":52}},"2":{"start":{"line":19,"column":8},"end":{"line":19,"column":62}},"3":{"start":{"line":20,"column":8},"end":{"line":20,"column":60}},"4":{"start":{"line":21,"column":8},"end":{"line":21,"column":62}},"5":{"start":{"line":23,"column":8},"end":{"line":23,"column":97}},"6":{"start":{"line":24,"column":8},"end":{"line":24,"column":58}},"7":{"start":{"line":27,"column":8},"end":{"line":27,"column":66}},"8":{"start":{"line":33,"column":8},"end":{"line":33,"column":59}},"9":{"start":{"line":34,"column":8},"end":{"line":34,"column":65}},"10":{"start":{"line":40,"column":8},"end":{"line":40,"column":42}},"11":{"start":{"line":41,"column":8},"end":{"line":41,"column":69}},"12":{"start":{"line":43,"column":8},"end":{"line":43,"column":43}},"13":{"start":{"line":48,"column":8},"end":{"line":48,"column":42}},"14":{"start":{"line":50,"column":8},"end":{"line":50,"column":40}},"15":{"start":{"line":55,"column":8},"end":{"line":55,"column":42}},"16":{"start":{"line":56,"column":8},"end":{"line":56,"column":78}},"17":{"start":{"line":57,"column":8},"end":{"line":57,"column":55}},"18":{"start":{"line":58,"column":8},"end":{"line":58,"column":48}},"19":{"start":{"line":59,"column":8},"end":{"line":59,"column":39}},"20":{"start":{"line":64,"column":8},"end":{"line":64,"column":47}},"21":{"start":{"line":69,"column":8},"end":{"line":69,"column":53}},"22":{"start":{"line":74,"column":8},"end":{"line":74,"column":48}},"23":{"start":{"line":79,"column":8},"end":{"line":79,"column":36}}},"branchMap":{"1":{"line":18,"type":"if","locations":[{"start":{"line":18,"column":8},"end":{"line":18,"column":8}},{"start":{"line":18,"column":8},"end":{"line":18,"column":8}}]},"2":{"line":20,"type":"if","locations":[{"start":{"line":20,"column":8},"end":{"line":20,"column":8}},{"start":{"line":20,"column":8},"end":{"line":20,"column":8}}]},"3":{"line":21,"type":"if","locations":[{"start":{"line":21,"column":8},"end":{"line":21,"column":8}},{"start":{"line":21,"column":8},"end":{"line":21,"column":8}}]},"4":{"line":24,"type":"if","locations":[{"start":{"line":24,"column":8},"end":{"line":24,"column":8}},{"start":{"line":24,"column":8},"end":{"line":24,"column":8}}]},"5":{"line":41,"type":"if","locations":[{"start":{"line":41,"column":8},"end":{"line":41,"column":8}},{"start":{"line":41,"column":8},"end":{"line":41,"column":8}}]},"6":{"line":56,"type":"if","locations":[{"start":{"line":56,"column":8},"end":{"line":56,"column":8}},{"start":{"line":56,"column":8},"end":{"line":56,"column":8}}]},"7":{"line":58,"type":"if","locations":[{"start":{"line":58,"column":8},"end":{"line":58,"column":8}},{"start":{"line":58,"column":8},"end":{"line":58,"column":8}}]}}},"contracts/facets/TokenURIFacet.sol":{"l":{"14":26,"15":26,"17":26,"18":26,"20":26,"38":26,"53":1,"54":1,"55":1,"56":1,"57":1,"63":27,"65":27,"92":1,"97":2,"98":2,"100":2,"117":52,"119":52,"120":52,"121":52,"123":52,"153":52,"157":26,"158":0,"160":26,"161":26,"162":26,"163":52,"164":52,"166":26,"167":26,"168":52,"169":52,"170":52,"172":26},"path":"/home/bilal/bilal_projects/Learning/ERC20Diamond/contracts/facets/TokenURIFacet.sol","s":{"1":26,"2":26,"3":26,"4":26,"5":26,"6":26,"7":1,"8":1,"9":27,"10":27,"11":1,"12":2,"13":2,"14":2,"15":52,"16":0,"17":52,"18":52,"19":52,"20":52,"21":26,"22":0,"23":26,"24":26,"25":26,"26":26,"27":26,"28":26},"b":{"1":[0,52],"2":[0,26]},"f":{"1":26,"2":1,"3":27,"4":1,"5":2,"6":52,"7":26},"fnMap":{"1":{"name":"tokenURI","line":13,"loc":{"start":{"line":13,"column":4},"end":{"line":42,"column":4}}},"2":{"name":"setTokenMetadata","line":48,"loc":{"start":{"line":48,"column":4},"end":{"line":58,"column":4}}},"3":{"name":"_generateSVG","line":62,"loc":{"start":{"line":62,"column":4},"end":{"line":88,"column":4}}},"4":{"name":"getLogo","line":91,"loc":{"start":{"line":91,"column":4},"end":{"line":93,"column":4}}},"5":{"name":"getMetadata","line":96,"loc":{"start":{"line":96,"column":4},"end":{"line":113,"column":4}}},"6":{"name":"_encodeBase64","line":116,"loc":{"start":{"line":116,"column":4},"end":{"line":154,"column":4}}},"7":{"name":"_toString","line":156,"loc":{"start":{"line":156,"column":4},"end":{"line":173,"column":4}}}},"statementMap":{"1":{"start":{"line":14,"column":8},"end":{"line":14,"column":78}},"2":{"start":{"line":15,"column":8},"end":{"line":15,"column":66}},"3":{"start":{"line":17,"column":8},"end":{"line":17,"column":42}},"4":{"start":{"line":18,"column":8},"end":{"line":18,"column":59}},"5":{"start":{"line":20,"column":8},"end":{"line":20,"column":830}},"6":{"start":{"line":38,"column":8},"end":{"line":38,"column":1430}},"7":{"start":{"line":53,"column":8},"end":{"line":53,"column":42}},"8":{"start":{"line":54,"column":8},"end":{"line":54,"column":78}},"9":{"start":{"line":63,"column":8},"end":{"line":63,"column":66}},"10":{"start":{"line":65,"column":8},"end":{"line":65,"column":2435}},"11":{"start":{"line":92,"column":8},"end":{"line":92,"column":29}},"12":{"start":{"line":97,"column":8},"end":{"line":97,"column":78}},"13":{"start":{"line":98,"column":8},"end":{"line":98,"column":66}},"14":{"start":{"line":100,"column":8},"end":{"line":100,"column":4263}},"15":{"start":{"line":117,"column":8},"end":{"line":117,"column":39}},"16":{"start":{"line":117,"column":30},"end":{"line":117,"column":39}},"17":{"start":{"line":119,"column":8},"end":{"line":119,"column":96}},"18":{"start":{"line":120,"column":8},"end":{"line":120,"column":56}},"19":{"start":{"line":121,"column":8},"end":{"line":121,"column":53}},"20":{"start":{"line":153,"column":8},"end":{"line":153,"column":21}},"21":{"start":{"line":157,"column":8},"end":{"line":157,"column":6200}},"22":{"start":{"line":158,"column":12},"end":{"line":158,"column":22}},"23":{"start":{"line":160,"column":8},"end":{"line":160,"column":28}},"24":{"start":{"line":161,"column":8},"end":{"line":161,"column":22}},"25":{"start":{"line":162,"column":8},"end":{"line":162,"column":6314}},"26":{"start":{"line":166,"column":8},"end":{"line":166,"column":47}},"27":{"start":{"line":167,"column":8},"end":{"line":167,"column":6447}},"28":{"start":{"line":172,"column":8},"end":{"line":172,"column":29}}},"branchMap":{"1":{"line":117,"type":"if","locations":[{"start":{"line":117,"column":8},"end":{"line":117,"column":8}},{"start":{"line":117,"column":8},"end":{"line":117,"column":8}}]},"2":{"line":157,"type":"if","locations":[{"start":{"line":157,"column":8},"end":{"line":157,"column":8}},{"start":{"line":157,"column":8},"end":{"line":157,"column":8}}]}}},"contracts/interfaces/IDiamondCut.sol":{"l":{},"path":"/home/bilal/bilal_projects/Learning/ERC20Diamond/contracts/interfaces/IDiamondCut.sol","s":{},"b":{},"f":{},"fnMap":{},"statementMap":{},"branchMap":{}},"contracts/interfaces/IDiamondLoupe.sol":{"l":{},"path":"/home/bilal/bilal_projects/Learning/ERC20Diamond/contracts/interfaces/IDiamondLoupe.sol","s":{},"b":{},"f":{},"fnMap":{},"statementMap":{},"branchMap":{}},"contracts/interfaces/IERC165.sol":{"l":{},"path":"/home/bilal/bilal_projects/Learning/ERC20Diamond/contracts/interfaces/IERC165.sol","s":{},"b":{},"f":{},"fnMap":{},"statementMap":{},"branchMap":{}},"contracts/interfaces/IERC173.sol":{"l":{},"path":"/home/bilal/bilal_projects/Learning/ERC20Diamond/contracts/interfaces/IERC173.sol","s":{},"b":{},"f":{},"fnMap":{},"statementMap":{},"branchMap":{}},"contracts/libraries/LibDiamond.sol":{"l":{"43":297,"44":297,"52":26,"53":26,"54":26,"55":26,"59":27,"63":39,"70":50,"71":175,"72":175,"73":175,"75":0,"77":0,"79":0,"82":50,"83":50,"87":175,"88":175,"89":175,"90":175,"92":175,"93":175,"95":175,"96":1075,"97":1075,"98":1075,"99":1075,"100":1075,"105":0,"106":0,"107":0,"108":0,"110":0,"111":0,"113":0,"114":0,"115":0,"116":0,"117":0,"118":0,"119":0,"124":0,"125":0,"127":0,"128":0,"129":0,"130":0,"131":0,"136":175,"137":175,"138":175,"143":1075,"144":1075,"145":1075,"149":0,"151":0,"153":0,"154":0,"156":0,"157":0,"158":0,"159":0,"162":0,"163":0,"166":0,"168":0,"169":0,"170":0,"171":0,"172":0,"173":0,"175":0,"176":0,"181":50,"182":25,"184":25,"185":25,"186":25,"187":0,"190":0,"195":0,"201":200,"202":200,"205":200},"path":"/home/bilal/bilal_projects/Learning/ERC20Diamond/contracts/libraries/LibDiamond.sol","s":{"1":297,"2":26,"3":26,"4":26,"5":39,"6":50,"7":175,"8":175,"9":175,"10":0,"11":0,"12":0,"13":0,"14":0,"15":50,"16":50,"17":175,"18":175,"19":175,"20":175,"21":175,"22":175,"23":175,"24":1075,"25":1075,"26":1075,"27":1075,"28":0,"29":0,"30":0,"31":0,"32":0,"33":0,"34":0,"35":0,"36":0,"37":0,"38":0,"39":0,"40":0,"41":0,"42":0,"43":0,"44":0,"45":0,"46":0,"47":175,"48":175,"49":1075,"50":0,"51":0,"52":0,"53":0,"54":0,"55":0,"56":0,"57":0,"58":0,"59":0,"60":0,"61":0,"62":0,"63":50,"64":25,"65":25,"66":25,"67":25,"68":0,"69":200,"70":200},"b":{"1":[38,1],"2":[175,0],"3":[0,0],"4":[0,0],"5":[175,0],"6":[175,0],"7":[175,0],"8":[1075,0],"9":[0,0],"10":[0,0],"11":[0,0],"12":[0,0],"13":[0,0],"14":[0,0],"15":[0,0],"16":[0,0],"17":[0,0],"18":[0,0],"19":[0,0],"20":[25,25],"21":[0,25],"22":[0,0],"23":[200,0]},"f":{"1":297,"2":26,"3":27,"4":39,"5":50,"6":175,"7":0,"8":0,"9":175,"10":1075,"11":0,"12":50,"13":200},"fnMap":{"1":{"name":"diamondStorage","line":42,"loc":{"start":{"line":42,"column":4},"end":{"line":47,"column":4}}},"2":{"name":"setContractOwner","line":51,"loc":{"start":{"line":51,"column":4},"end":{"line":56,"column":4}}},"3":{"name":"contractOwner","line":58,"loc":{"start":{"line":58,"column":4},"end":{"line":60,"column":4}}},"4":{"name":"enforceIsContractOwner","line":62,"loc":{"start":{"line":62,"column":4},"end":{"line":64,"column":4}}},"5":{"name":"diamondCut","line":69,"loc":{"start":{"line":69,"column":4},"end":{"line":84,"column":4}}},"6":{"name":"addFunctions","line":86,"loc":{"start":{"line":86,"column":4},"end":{"line":102,"column":4}}},"7":{"name":"replaceFunctions","line":104,"loc":{"start":{"line":104,"column":4},"end":{"line":121,"column":4}}},"8":{"name":"removeFunctions","line":123,"loc":{"start":{"line":123,"column":4},"end":{"line":133,"column":4}}},"9":{"name":"addFacet","line":135,"loc":{"start":{"line":135,"column":4},"end":{"line":139,"column":4}}},"10":{"name":"addFunction","line":142,"loc":{"start":{"line":142,"column":4},"end":{"line":146,"column":4}}},"11":{"name":"removeFunction","line":148,"loc":{"start":{"line":148,"column":4},"end":{"line":178,"column":4}}},"12":{"name":"initializeDiamondCut","line":180,"loc":{"start":{"line":180,"column":4},"end":{"line":198,"column":4}}},"13":{"name":"enforceHasContractCode","line":200,"loc":{"start":{"line":200,"column":4},"end":{"line":206,"column":4}}}},"statementMap":{"1":{"start":{"line":43,"column":8},"end":{"line":43,"column":51}},"2":{"start":{"line":52,"column":8},"end":{"line":52,"column":52}},"3":{"start":{"line":53,"column":8},"end":{"line":53,"column":48}},"4":{"start":{"line":55,"column":8},"end":{"line":55,"column":59}},"5":{"start":{"line":63,"column":8},"end":{"line":63,"column":98}},"6":{"start":{"line":70,"column":8},"end":{"line":70,"column":2854}},"7":{"start":{"line":71,"column":12},"end":{"line":71,"column":78}},"8":{"start":{"line":72,"column":12},"end":{"line":72,"column":3024}},"9":{"start":{"line":73,"column":16},"end":{"line":73,"column":108}},"10":{"start":{"line":74,"column":19},"end":{"line":74,"column":3202}},"11":{"start":{"line":75,"column":16},"end":{"line":75,"column":112}},"12":{"start":{"line":76,"column":19},"end":{"line":76,"column":3388}},"13":{"start":{"line":77,"column":16},"end":{"line":77,"column":111}},"14":{"start":{"line":79,"column":16},"end":{"line":79,"column":64}},"15":{"start":{"line":82,"column":8},"end":{"line":82,"column":54}},"16":{"start":{"line":83,"column":8},"end":{"line":83,"column":45}},"17":{"start":{"line":87,"column":8},"end":{"line":87,"column":92}},"18":{"start":{"line":88,"column":8},"end":{"line":88,"column":52}},"19":{"start":{"line":89,"column":8},"end":{"line":89,"column":91}},"20":{"start":{"line":90,"column":8},"end":{"line":90,"column":107}},"21":{"start":{"line":92,"column":8},"end":{"line":92,"column":4290}},"22":{"start":{"line":93,"column":12},"end":{"line":93,"column":38}},"23":{"start":{"line":95,"column":8},"end":{"line":95,"column":4390}},"24":{"start":{"line":96,"column":12},"end":{"line":96,"column":63}},"25":{"start":{"line":97,"column":12},"end":{"line":97,"column":90}},"26":{"start":{"line":98,"column":12},"end":{"line":98,"column":106}},"27":{"start":{"line":99,"column":12},"end":{"line":99,"column":69}},"28":{"start":{"line":105,"column":8},"end":{"line":105,"column":92}},"29":{"start":{"line":106,"column":8},"end":{"line":106,"column":52}},"30":{"start":{"line":107,"column":8},"end":{"line":107,"column":91}},"31":{"start":{"line":108,"column":8},"end":{"line":108,"column":107}},"32":{"start":{"line":110,"column":8},"end":{"line":110,"column":5381}},"33":{"start":{"line":111,"column":12},"end":{"line":111,"column":38}},"34":{"start":{"line":113,"column":8},"end":{"line":113,"column":5469}},"35":{"start":{"line":114,"column":12},"end":{"line":114,"column":63}},"36":{"start":{"line":115,"column":12},"end":{"line":115,"column":90}},"37":{"start":{"line":116,"column":12},"end":{"line":116,"column":112}},"38":{"start":{"line":117,"column":12},"end":{"line":117,"column":56}},"39":{"start":{"line":118,"column":12},"end":{"line":118,"column":69}},"40":{"start":{"line":124,"column":8},"end":{"line":124,"column":92}},"41":{"start":{"line":125,"column":8},"end":{"line":125,"column":52}},"42":{"start":{"line":127,"column":8},"end":{"line":127,"column":101}},"43":{"start":{"line":128,"column":8},"end":{"line":128,"column":6436}},"44":{"start":{"line":129,"column":12},"end":{"line":129,"column":63}},"45":{"start":{"line":130,"column":12},"end":{"line":130,"column":90}},"46":{"start":{"line":131,"column":12},"end":{"line":131,"column":56}},"47":{"start":{"line":136,"column":8},"end":{"line":136,"column":84}},"48":{"start":{"line":138,"column":8},"end":{"line":138,"column":44}},"49":{"start":{"line":144,"column":8},"end":{"line":144,"column":81}},"50":{"start":{"line":149,"column":8},"end":{"line":149,"column":102}},"51":{"start":{"line":151,"column":8},"end":{"line":151,"column":96}},"52":{"start":{"line":153,"column":8},"end":{"line":153,"column":100}},"53":{"start":{"line":154,"column":8},"end":{"line":154,"column":108}},"54":{"start":{"line":156,"column":8},"end":{"line":156,"column":8239}},"55":{"start":{"line":157,"column":12},"end":{"line":157,"column":114}},"56":{"start":{"line":162,"column":8},"end":{"line":162,"column":71}},"57":{"start":{"line":166,"column":8},"end":{"line":166,"column":8883}},"58":{"start":{"line":168,"column":12},"end":{"line":168,"column":75}},"59":{"start":{"line":169,"column":12},"end":{"line":169,"column":104}},"60":{"start":{"line":170,"column":12},"end":{"line":170,"column":9206}},"61":{"start":{"line":171,"column":16},"end":{"line":171,"column":86}},"62":{"start":{"line":175,"column":12},"end":{"line":175,"column":34}},"63":{"start":{"line":181,"column":8},"end":{"line":181,"column":9769}},"64":{"start":{"line":182,"column":12},"end":{"line":182,"column":18}},"65":{"start":{"line":184,"column":8},"end":{"line":184,"column":80}},"66":{"start":{"line":185,"column":8},"end":{"line":185,"column":74}},"67":{"start":{"line":186,"column":8},"end":{"line":186,"column":10001}},"68":{"start":{"line":187,"column":12},"end":{"line":187,"column":10033}},"69":{"start":{"line":201,"column":8},"end":{"line":201,"column":28}},"70":{"start":{"line":205,"column":8},"end":{"line":205,"column":47}}},"branchMap":{"1":{"line":63,"type":"if","locations":[{"start":{"line":63,"column":8},"end":{"line":63,"column":8}},{"start":{"line":63,"column":8},"end":{"line":63,"column":8}}]},"2":{"line":72,"type":"if","locations":[{"start":{"line":72,"column":12},"end":{"line":72,"column":12}},{"start":{"line":72,"column":12},"end":{"line":72,"column":12}}]},"3":{"line":74,"type":"if","locations":[{"start":{"line":74,"column":19},"end":{"line":74,"column":19}},{"start":{"line":74,"column":19},"end":{"line":74,"column":19}}]},"4":{"line":76,"type":"if","locations":[{"start":{"line":76,"column":19},"end":{"line":76,"column":19}},{"start":{"line":76,"column":19},"end":{"line":76,"column":19}}]},"5":{"line":87,"type":"if","locations":[{"start":{"line":87,"column":8},"end":{"line":87,"column":8}},{"start":{"line":87,"column":8},"end":{"line":87,"column":8}}]},"6":{"line":89,"type":"if","locations":[{"start":{"line":89,"column":8},"end":{"line":89,"column":8}},{"start":{"line":89,"column":8},"end":{"line":89,"column":8}}]},"7":{"line":92,"type":"if","locations":[{"start":{"line":92,"column":8},"end":{"line":92,"column":8}},{"start":{"line":92,"column":8},"end":{"line":92,"column":8}}]},"8":{"line":98,"type":"if","locations":[{"start":{"line":98,"column":12},"end":{"line":98,"column":12}},{"start":{"line":98,"column":12},"end":{"line":98,"column":12}}]},"9":{"line":105,"type":"if","locations":[{"start":{"line":105,"column":8},"end":{"line":105,"column":8}},{"start":{"line":105,"column":8},"end":{"line":105,"column":8}}]},"10":{"line":107,"type":"if","locations":[{"start":{"line":107,"column":8},"end":{"line":107,"column":8}},{"start":{"line":107,"column":8},"end":{"line":107,"column":8}}]},"11":{"line":110,"type":"if","locations":[{"start":{"line":110,"column":8},"end":{"line":110,"column":8}},{"start":{"line":110,"column":8},"end":{"line":110,"column":8}}]},"12":{"line":116,"type":"if","locations":[{"start":{"line":116,"column":12},"end":{"line":116,"column":12}},{"start":{"line":116,"column":12},"end":{"line":116,"column":12}}]},"13":{"line":124,"type":"if","locations":[{"start":{"line":124,"column":8},"end":{"line":124,"column":8}},{"start":{"line":124,"column":8},"end":{"line":124,"column":8}}]},"14":{"line":127,"type":"if","locations":[{"start":{"line":127,"column":8},"end":{"line":127,"column":8}},{"start":{"line":127,"column":8},"end":{"line":127,"column":8}}]},"15":{"line":149,"type":"if","locations":[{"start":{"line":149,"column":8},"end":{"line":149,"column":8}},{"start":{"line":149,"column":8},"end":{"line":149,"column":8}}]},"16":{"line":151,"type":"if","locations":[{"start":{"line":151,"column":8},"end":{"line":151,"column":8}},{"start":{"line":151,"column":8},"end":{"line":151,"column":8}}]},"17":{"line":156,"type":"if","locations":[{"start":{"line":156,"column":8},"end":{"line":156,"column":8}},{"start":{"line":156,"column":8},"end":{"line":156,"column":8}}]},"18":{"line":166,"type":"if","locations":[{"start":{"line":166,"column":8},"end":{"line":166,"column":8}},{"start":{"line":166,"column":8},"end":{"line":166,"column":8}}]},"19":{"line":170,"type":"if","locations":[{"start":{"line":170,"column":12},"end":{"line":170,"column":12}},{"start":{"line":170,"column":12},"end":{"line":170,"column":12}}]},"20":{"line":181,"type":"if","locations":[{"start":{"line":181,"column":8},"end":{"line":181,"column":8}},{"start":{"line":181,"column":8},"end":{"line":181,"column":8}}]},"21":{"line":186,"type":"if","locations":[{"start":{"line":186,"column":8},"end":{"line":186,"column":8}},{"start":{"line":186,"column":8},"end":{"line":186,"column":8}}]},"22":{"line":187,"type":"if","locations":[{"start":{"line":187,"column":12},"end":{"line":187,"column":12}},{"start":{"line":187,"column":12},"end":{"line":187,"column":12}}]},"23":{"line":205,"type":"if","locations":[{"start":{"line":205,"column":8},"end":{"line":205,"column":8}},{"start":{"line":205,"column":8},"end":{"line":205,"column":8}}]}}},"contracts/libraries/LibERC20.sol":{"l":{"18":225,"19":225,"25":29,"29":26,"33":2,"34":2,"36":2,"37":2,"38":2,"40":2,"41":2,"42":2,"47":2,"48":2,"50":2,"54":1,"55":1,"56":1,"57":1,"58":1},"path":"/home/bilal/bilal_projects/Learning/ERC20Diamond/contracts/libraries/LibERC20.sol","s":{"1":225,"2":29,"3":26,"4":2,"5":2,"6":2,"7":2,"8":2,"9":2,"10":2,"11":1,"12":1,"13":1,"14":1},"b":{"1":[2,0],"2":[2,0],"3":[2,0],"4":[2,0],"5":[2,0],"6":[1,0],"7":[1,0]},"f":{"1":225,"2":29,"3":26,"4":2,"5":2,"6":1},"fnMap":{"1":{"name":"erc20Storage","line":17,"loc":{"start":{"line":17,"column":4},"end":{"line":22,"column":4}}},"2":{"name":"_balanceOf","line":24,"loc":{"start":{"line":24,"column":4},"end":{"line":26,"column":4}}},"3":{"name":"_totalSupply","line":28,"loc":{"start":{"line":28,"column":4},"end":{"line":30,"column":4}}},"4":{"name":"_transfer","line":32,"loc":{"start":{"line":32,"column":4},"end":{"line":44,"column":4}}},"5":{"name":"_approve","line":46,"loc":{"start":{"line":46,"column":4},"end":{"line":51,"column":4}}},"6":{"name":"_spendAllowance","line":53,"loc":{"start":{"line":53,"column":4},"end":{"line":61,"column":4}}}},"statementMap":{"1":{"start":{"line":18,"column":8},"end":{"line":18,"column":49}},"2":{"start":{"line":25,"column":8},"end":{"line":25,"column":47}},"3":{"start":{"line":29,"column":8},"end":{"line":29,"column":41}},"4":{"start":{"line":33,"column":8},"end":{"line":33,"column":71}},"5":{"start":{"line":34,"column":8},"end":{"line":34,"column":67}},"6":{"start":{"line":36,"column":8},"end":{"line":36,"column":48}},"7":{"start":{"line":37,"column":8},"end":{"line":37,"column":47}},"8":{"start":{"line":38,"column":8},"end":{"line":38,"column":68}},"9":{"start":{"line":47,"column":8},"end":{"line":47,"column":71}},"10":{"start":{"line":48,"column":8},"end":{"line":48,"column":71}},"11":{"start":{"line":54,"column":8},"end":{"line":54,"column":76}},"12":{"start":{"line":55,"column":8},"end":{"line":55,"column":1986}},"13":{"start":{"line":56,"column":12},"end":{"line":56,"column":79}},"14":{"start":{"line":58,"column":16},"end":{"line":58,"column":66}}},"branchMap":{"1":{"line":33,"type":"if","locations":[{"start":{"line":33,"column":8},"end":{"line":33,"column":8}},{"start":{"line":33,"column":8},"end":{"line":33,"column":8}}]},"2":{"line":34,"type":"if","locations":[{"start":{"line":34,"column":8},"end":{"line":34,"column":8}},{"start":{"line":34,"column":8},"end":{"line":34,"column":8}}]},"3":{"line":38,"type":"if","locations":[{"start":{"line":38,"column":8},"end":{"line":38,"column":8}},{"start":{"line":38,"column":8},"end":{"line":38,"column":8}}]},"4":{"line":47,"type":"if","locations":[{"start":{"line":47,"column":8},"end":{"line":47,"column":8}},{"start":{"line":47,"column":8},"end":{"line":47,"column":8}}]},"5":{"line":48,"type":"if","locations":[{"start":{"line":48,"column":8},"end":{"line":48,"column":8}},{"start":{"line":48,"column":8},"end":{"line":48,"column":8}}]},"6":{"line":55,"type":"if","locations":[{"start":{"line":55,"column":8},"end":{"line":55,"column":8}},{"start":{"line":55,"column":8},"end":{"line":55,"column":8}}]},"7":{"line":56,"type":"if","locations":[{"start":{"line":56,"column":12},"end":{"line":56,"column":12}},{"start":{"line":56,"column":12},"end":{"line":56,"column":12}}]}}},"contracts/libraries/LibMultiSig.sol":{"l":{"26":44,"27":44},"path":"/home/bilal/bilal_projects/Learning/ERC20Diamond/contracts/libraries/LibMultiSig.sol","s":{"1":44},"b":{},"f":{"1":44},"fnMap":{"1":{"name":"multiSigStorage","line":25,"loc":{"start":{"line":25,"column":4},"end":{"line":30,"column":4}}}},"statementMap":{"1":{"start":{"line":26,"column":8},"end":{"line":26,"column":52}}},"branchMap":{}},"contracts/libraries/LibSwap.sol":{"l":{"15":86,"16":86},"path":"/home/bilal/bilal_projects/Learning/ERC20Diamond/contracts/libraries/LibSwap.sol","s":{"1":86},"b":{},"f":{"1":86},"fnMap":{"1":{"name":"swapStorage","line":14,"loc":{"start":{"line":14,"column":4},"end":{"line":19,"column":4}}}},"statementMap":{"1":{"start":{"line":15,"column":8},"end":{"line":15,"column":48}}},"branchMap":{}},"contracts/libraries/LibTokenURI.sol":{"l":{"15":54,"16":54},"path":"/home/bilal/bilal_projects/Learning/ERC20Diamond/contracts/libraries/LibTokenURI.sol","s":{"1":54},"b":{},"f":{"1":54},"fnMap":{"1":{"name":"tokenURIStorage","line":14,"loc":{"start":{"line":14,"column":4},"end":{"line":19,"column":4}}}},"statementMap":{"1":{"start":{"line":15,"column":8},"end":{"line":15,"column":52}}},"branchMap":{}},"contracts/Lock.sol":{"l":{"14":0,"19":0,"20":0,"27":0,"28":0,"30":0,"32":0},"path":"/home/bilal/bilal_projects/Learning/ERC20Diamond/contracts/Lock.sol","s":{"1":0,"2":0,"3":0,"4":0,"5":0},"b":{"1":[0,0],"2":[0,0],"3":[0,0]},"f":{"1":0,"2":0},"fnMap":{"1":{"name":"constructor","line":13,"loc":{"start":{"line":13,"column":2},"end":{"line":21,"column":2}}},"2":{"name":"withdraw","line":23,"loc":{"start":{"line":23,"column":2},"end":{"line":33,"column":2}}}},"statementMap":{"1":{"start":{"line":14,"column":4},"end":{"line":14,"column":312}},"2":{"start":{"line":27,"column":4},"end":{"line":27,"column":67}},"3":{"start":{"line":28,"column":4},"end":{"line":28,"column":55}},"4":{"start":{"line":30,"column":4},"end":{"line":30,"column":59}},"5":{"start":{"line":32,"column":4},"end":{"line":32,"column":40}}},"branchMap":{"1":{"line":14,"type":"if","locations":[{"start":{"line":14,"column":4},"end":{"line":14,"column":4}},{"start":{"line":14,"column":4},"end":{"line":14,"column":4}}]},"2":{"line":27,"type":"if","locations":[{"start":{"line":27,"column":4},"end":{"line":27,"column":4}},{"start":{"line":27,"column":4},"end":{"line":27,"column":4}}]},"3":{"line":28,"type":"if","locations":[{"start":{"line":28,"column":4},"end":{"line":28,"column":4}},{"start":{"line":28,"column":4},"end":{"line":28,"column":4}}]}}}}