TN:
SF:/home/bilal/bilal_projects/Learning/ERC20Diamond/contracts/Diamond.sol
FN:16,constructor
FN:33,
FNF:2
FNH:2
FNDA:25,constructor
FNDA:287,
DA:17,25
DA:20,25
DA:21,25
DA:22,25
DA:23,25
DA:28,25
DA:34,287
DA:35,287
DA:37,287
DA:41,287
DA:42,287
DA:44,287
LF:12
LH:12
BRDA:42,1,0,287
BRDA:42,1,1,0
BRF:2
BRH:1
end_of_record
TN:
SF:/home/bilal/bilal_projects/Learning/ERC20Diamond/contracts/DiamondInit.sol
FN:23,init
FNF:1
FNH:1
FNDA:25,init
DA:25,25
DA:26,25
DA:27,25
DA:28,25
DA:31,25
DA:32,25
DA:33,25
DA:34,25
DA:38,25
DA:39,25
DA:40,25
DA:43,25
DA:44,25
DA:45,25
DA:46,25
DA:49,25
DA:50,25
DA:51,25
DA:52,25
DA:53,25
LF:20
LH:20
BRDA:31,1,0,25
BRDA:31,1,1,0
BRF:2
BRH:1
end_of_record
TN:
SF:/home/bilal/bilal_projects/Learning/ERC20Diamond/contracts/facets/DiamondCutFacet.sol
FN:21,diamondCut
FNF:1
FNH:1
FNDA:25,diamondCut
DA:26,25
DA:27,25
LF:2
LH:2
BRF:0
BRH:0
end_of_record
TN:
SF:/home/bilal/bilal_projects/Learning/ERC20Diamond/contracts/facets/DiamondLoupeFacet.sol
FN:28,facets
FN:42,facetFunctionSelectors
FN:49,facetAddresses
FN:58,facetAddress
FN:64,supportsInterface
FNF:5
FNH:3
FNDA:2,facets
FNDA:1,facetFunctionSelectors
FNDA:2,facetAddresses
FNDA:0,facetAddress
FNDA:0,supportsInterface
DA:29,2
DA:30,2
DA:31,2
DA:32,2
DA:33,14
DA:34,14
DA:35,14
DA:43,1
DA:44,1
DA:50,2
DA:51,2
DA:59,0
DA:60,0
DA:65,0
DA:66,0
LF:15
LH:11
BRF:0
BRH:0
end_of_record
TN:
SF:/home/bilal/bilal_projects/Learning/ERC20Diamond/contracts/facets/ERC20Facet.sol
FN:10,name
FN:14,symbol
FN:18,decimals
FN:22,totalSupply
FN:26,balanceOf
FN:30,allowance
FN:34,approve
FN:40,transfer
FN:46,transferFrom
FNF:9
FNH:9
FNDA:26,name
FNDA:26,symbol
FNDA:26,decimals
FNDA:26,totalSupply
FNDA:29,balanceOf
FNDA:1,allowance
FNDA:1,approve
FNDA:1,transfer
FNDA:1,transferFrom
DA:11,26
DA:15,26
DA:19,26
DA:23,26
DA:27,29
DA:31,1
DA:35,1
DA:36,1
DA:37,1
DA:41,1
DA:42,1
DA:43,1
DA:47,1
DA:48,1
DA:49,1
DA:50,1
LF:16
LH:16
BRF:0
BRH:0
end_of_record
TN:
SF:/home/bilal/bilal_projects/Learning/ERC20Diamond/contracts/facets/MultiSigFacet.sol
FN:16,onlyMultiSigOwner
FN:21,txExists
FN:26,notExecuted
FN:31,notConfirmed
FN:39,initializeMultiSig
FN:65,submitTransaction
FN:88,confirmTransaction
FN:102,executeTransaction
FN:123,revokeConfirmation
FN:135,addOwner
FN:149,removeOwner
FN:171,changeRequirement
FN:181,getOwners
FN:185,getRequiredConfirmations
FN:189,getTransactionCount
FN:193,getTransaction
FN:210,isConfirmed
FN:214,isOwner
FNF:18
FNH:17
FNDA:8,onlyMultiSigOwner
FNDA:5,txExists
FNDA:5,notExecuted
FNDA:3,notConfirmed
FNDA:5,initializeMultiSig
FNDA:3,submitTransaction
FNDA:3,confirmTransaction
FNDA:1,executeTransaction
FNDA:1,revokeConfirmation
FNDA:1,addOwner
FNDA:1,removeOwner
FNDA:0,changeRequirement
FNDA:1,getOwners
FNDA:1,getRequiredConfirmations
FNDA:1,getTransactionCount
FNDA:1,getTransaction
FNDA:2,isConfirmed
FNDA:2,isOwner
DA:17,8
DA:18,8
DA:22,5
DA:23,5
DA:27,5
DA:28,5
DA:32,3
DA:33,3
DA:40,5
DA:41,5
DA:43,5
DA:44,5
DA:45,5
DA:47,5
DA:48,10
DA:49,10
DA:50,10
DA:52,10
DA:53,10
DA:54,10
DA:57,5
DA:58,5
DA:66,3
DA:68,3
DA:69,3
DA:77,3
DA:78,3
DA:90,3
DA:91,3
DA:92,3
DA:93,3
DA:104,1
DA:105,1
DA:107,1
DA:109,1
DA:111,1
DA:112,1
DA:114,1
DA:125,1
DA:126,1
DA:128,1
DA:129,1
DA:130,1
DA:136,1
DA:137,1
DA:139,1
DA:140,1
DA:142,1
DA:143,1
DA:144,1
DA:150,1
DA:151,1
DA:153,1
DA:154,1
DA:156,1
DA:159,1
DA:160,3
DA:161,1
DA:162,1
DA:163,1
DA:166,1
DA:172,0
DA:173,0
DA:175,0
DA:176,0
DA:177,0
DA:182,1
DA:186,1
DA:190,1
DA:200,1
DA:201,1
DA:211,2
DA:215,2
LF:73
LH:68
BRDA:17,1,0,8
BRDA:17,1,1,0
BRDA:22,2,0,5
BRDA:22,2,1,0
BRDA:27,3,0,5
BRDA:27,3,1,0
BRDA:32,4,0,3
BRDA:32,4,1,0
BRDA:43,5,0,5
BRDA:43,5,1,0
BRDA:44,6,0,5
BRDA:44,6,1,0
BRDA:45,7,0,5
BRDA:45,7,1,0
BRDA:49,8,0,10
BRDA:49,8,1,0
BRDA:50,9,0,10
BRDA:50,9,1,0
BRDA:65,10,0,3
BRDA:65,10,1,0
BRDA:85,11,0,3
BRDA:85,11,1,0
BRDA:86,12,0,3
BRDA:86,12,1,0
BRDA:87,13,0,3
BRDA:87,13,1,0
BRDA:88,14,0,3
BRDA:88,14,1,0
BRDA:100,15,0,1
BRDA:100,15,1,0
BRDA:101,16,0,1
BRDA:101,16,1,0
BRDA:102,17,0,1
BRDA:102,17,1,0
BRDA:107,18,0,1
BRDA:107,18,1,0
BRDA:112,19,0,1
BRDA:112,19,1,0
BRDA:121,20,0,1
BRDA:121,20,1,0
BRDA:122,21,0,1
BRDA:122,21,1,0
BRDA:123,22,0,1
BRDA:123,22,1,0
BRDA:126,23,0,1
BRDA:126,23,1,0
BRDA:139,24,0,1
BRDA:139,24,1,0
BRDA:140,25,0,1
BRDA:140,25,1,0
BRDA:153,26,0,1
BRDA:153,26,1,0
BRDA:154,27,0,1
BRDA:154,27,1,0
BRDA:160,28,0,1
BRDA:160,28,1,2
BRDA:175,29,0,0
BRDA:175,29,1,0
BRF:58
BRH:29
end_of_record
TN:
SF:/home/bilal/bilal_projects/Learning/ERC20Diamond/contracts/facets/OwnershipFacet.sol
FN:8,transferOwnership
FN:13,owner
FNF:2
FNH:2
FNDA:2,transferOwnership
FNDA:2,owner
DA:9,2
DA:10,1
DA:14,2
LF:3
LH:3
BRF:0
BRH:0
end_of_record
TN:
SF:/home/bilal/bilal_projects/Learning/ERC20Diamond/contracts/facets/SwapFacet.sol
FN:17,swapEthForTokens
FN:39,setTokenPrice
FN:47,setSwapEnabled
FN:54,withdrawEth
FN:63,getTokenPrice
FN:68,getTotalEthReceived
FN:73,isSwapEnabled
FN:78,getContractBalance
FNF:8
FNH:8
FNDA:4,swapEthForTokens
FNDA:1,setTokenPrice
FNDA:2,setSwapEnabled
FNDA:1,withdrawEth
FNDA:26,getTokenPrice
FNDA:1,getTotalEthReceived
FNDA:27,isSwapEnabled
FNDA:1,getContractBalance
DA:18,4
DA:19,4
DA:20,4
DA:21,3
DA:23,3
DA:24,3
DA:27,3
DA:28,3
DA:29,3
DA:31,3
DA:33,3
DA:34,3
DA:40,1
DA:41,1
DA:42,1
DA:43,1
DA:48,2
DA:49,2
DA:50,2
DA:55,1
DA:56,1
DA:57,1
DA:58,1
DA:59,1
DA:64,26
DA:69,1
DA:74,27
DA:79,1
LF:28
LH:28
BRDA:18,1,0,4
BRDA:18,1,1,0
BRDA:20,2,0,3
BRDA:20,2,1,1
BRDA:21,3,0,3
BRDA:21,3,1,0
BRDA:24,4,0,3
BRDA:24,4,1,0
BRDA:41,5,0,1
BRDA:41,5,1,0
BRDA:56,6,0,1
BRDA:56,6,1,0
BRDA:58,7,0,1
BRDA:58,7,1,0
BRF:14
BRH:8
end_of_record
TN:
SF:/home/bilal/bilal_projects/Learning/ERC20Diamond/contracts/facets/TokenURIFacet.sol
FN:13,tokenURI
FN:48,setTokenMetadata
FN:62,_generateSVG
FN:91,getLogo
FN:96,getMetadata
FN:116,_encodeBase64
FN:156,_toString
FNF:7
FNH:7
FNDA:26,tokenURI
FNDA:1,setTokenMetadata
FNDA:27,_generateSVG
FNDA:1,getLogo
FNDA:2,getMetadata
FNDA:52,_encodeBase64
FNDA:26,_toString
DA:14,26
DA:15,26
DA:17,26
DA:18,26
DA:20,26
DA:38,26
DA:53,1
DA:54,1
DA:55,1
DA:56,1
DA:57,1
DA:63,27
DA:65,27
DA:92,1
DA:97,2
DA:98,2
DA:100,2
DA:117,52
DA:119,52
DA:120,52
DA:121,52
DA:123,52
DA:153,52
DA:157,26
DA:158,0
DA:160,26
DA:161,26
DA:162,26
DA:163,52
DA:164,52
DA:166,26
DA:167,26
DA:168,52
DA:169,52
DA:170,52
DA:172,26
LF:36
LH:35
BRDA:117,1,0,0
BRDA:117,1,1,52
BRDA:157,2,0,0
BRDA:157,2,1,26
BRF:4
BRH:2
end_of_record
TN:
SF:/home/bilal/bilal_projects/Learning/ERC20Diamond/contracts/interfaces/IDiamondCut.sol
FNF:0
FNH:0
LF:0
LH:0
BRF:0
BRH:0
end_of_record
TN:
SF:/home/bilal/bilal_projects/Learning/ERC20Diamond/contracts/interfaces/IDiamondLoupe.sol
FNF:0
FNH:0
LF:0
LH:0
BRF:0
BRH:0
end_of_record
TN:
SF:/home/bilal/bilal_projects/Learning/ERC20Diamond/contracts/interfaces/IERC165.sol
FNF:0
FNH:0
LF:0
LH:0
BRF:0
BRH:0
end_of_record
TN:
SF:/home/bilal/bilal_projects/Learning/ERC20Diamond/contracts/interfaces/IERC173.sol
FNF:0
FNH:0
LF:0
LH:0
BRF:0
BRH:0
end_of_record
TN:
SF:/home/bilal/bilal_projects/Learning/ERC20Diamond/contracts/libraries/LibDiamond.sol
FN:42,diamondStorage
FN:51,setContractOwner
FN:58,contractOwner
FN:62,enforceIsContractOwner
FN:69,diamondCut
FN:86,addFunctions
FN:104,replaceFunctions
FN:123,removeFunctions
FN:135,addFacet
FN:142,addFunction
FN:148,removeFunction
FN:180,initializeDiamondCut
FN:200,enforceHasContractCode
FNF:13
FNH:10
FNDA:297,diamondStorage
FNDA:26,setContractOwner
FNDA:27,contractOwner
FNDA:39,enforceIsContractOwner
FNDA:50,diamondCut
FNDA:175,addFunctions
FNDA:0,replaceFunctions
FNDA:0,removeFunctions
FNDA:175,addFacet
FNDA:1075,addFunction
FNDA:0,removeFunction
FNDA:50,initializeDiamondCut
FNDA:200,enforceHasContractCode
DA:43,297
DA:44,297
DA:52,26
DA:53,26
DA:54,26
DA:55,26
DA:59,27
DA:63,39
DA:70,50
DA:71,175
DA:72,175
DA:73,175
DA:75,0
DA:77,0
DA:79,0
DA:82,50
DA:83,50
DA:87,175
DA:88,175
DA:89,175
DA:90,175
DA:92,175
DA:93,175
DA:95,175
DA:96,1075
DA:97,1075
DA:98,1075
DA:99,1075
DA:100,1075
DA:105,0
DA:106,0
DA:107,0
DA:108,0
DA:110,0
DA:111,0
DA:113,0
DA:114,0
DA:115,0
DA:116,0
DA:117,0
DA:118,0
DA:119,0
DA:124,0
DA:125,0
DA:127,0
DA:128,0
DA:129,0
DA:130,0
DA:131,0
DA:136,175
DA:137,175
DA:138,175
DA:143,1075
DA:144,1075
DA:145,1075
DA:149,0
DA:151,0
DA:153,0
DA:154,0
DA:156,0
DA:157,0
DA:158,0
DA:159,0
DA:162,0
DA:163,0
DA:166,0
DA:168,0
DA:169,0
DA:170,0
DA:171,0
DA:172,0
DA:173,0
DA:175,0
DA:176,0
DA:181,50
DA:182,25
DA:184,25
DA:185,25
DA:186,25
DA:187,0
DA:190,0
DA:195,0
DA:201,200
DA:202,200
DA:205,200
LF:85
LH:40
BRDA:63,1,0,38
BRDA:63,1,1,1
BRDA:72,2,0,175
BRDA:72,2,1,0
BRDA:74,3,0,0
BRDA:74,3,1,0
BRDA:76,4,0,0
BRDA:76,4,1,0
BRDA:87,5,0,175
BRDA:87,5,1,0
BRDA:89,6,0,175
BRDA:89,6,1,0
BRDA:92,7,0,175
BRDA:92,7,1,0
BRDA:98,8,0,1075
BRDA:98,8,1,0
BRDA:105,9,0,0
BRDA:105,9,1,0
BRDA:107,10,0,0
BRDA:107,10,1,0
BRDA:110,11,0,0
BRDA:110,11,1,0
BRDA:116,12,0,0
BRDA:116,12,1,0
BRDA:124,13,0,0
BRDA:124,13,1,0
BRDA:127,14,0,0
BRDA:127,14,1,0
BRDA:149,15,0,0
BRDA:149,15,1,0
BRDA:151,16,0,0
BRDA:151,16,1,0
BRDA:156,17,0,0
BRDA:156,17,1,0
BRDA:166,18,0,0
BRDA:166,18,1,0
BRDA:170,19,0,0
BRDA:170,19,1,0
BRDA:181,20,0,25
BRDA:181,20,1,25
BRDA:186,21,0,0
BRDA:186,21,1,25
BRDA:187,22,0,0
BRDA:187,22,1,0
BRDA:205,23,0,200
BRDA:205,23,1,0
BRF:46
BRH:11
end_of_record
TN:
SF:/home/bilal/bilal_projects/Learning/ERC20Diamond/contracts/libraries/LibERC20.sol
FN:17,erc20Storage
FN:24,_balanceOf
FN:28,_totalSupply
FN:32,_transfer
FN:46,_approve
FN:53,_spendAllowance
FNF:6
FNH:6
FNDA:225,erc20Storage
FNDA:29,_balanceOf
FNDA:26,_totalSupply
FNDA:2,_transfer
FNDA:2,_approve
FNDA:1,_spendAllowance
DA:18,225
DA:19,225
DA:25,29
DA:29,26
DA:33,2
DA:34,2
DA:36,2
DA:37,2
DA:38,2
DA:40,2
DA:41,2
DA:42,2
DA:47,2
DA:48,2
DA:50,2
DA:54,1
DA:55,1
DA:56,1
DA:57,1
DA:58,1
LF:20
LH:20
BRDA:33,1,0,2
BRDA:33,1,1,0
BRDA:34,2,0,2
BRDA:34,2,1,0
BRDA:38,3,0,2
BRDA:38,3,1,0
BRDA:47,4,0,2
BRDA:47,4,1,0
BRDA:48,5,0,2
BRDA:48,5,1,0
BRDA:55,6,0,1
BRDA:55,6,1,0
BRDA:56,7,0,1
BRDA:56,7,1,0
BRF:14
BRH:7
end_of_record
TN:
SF:/home/bilal/bilal_projects/Learning/ERC20Diamond/contracts/libraries/LibMultiSig.sol
FN:25,multiSigStorage
FNF:1
FNH:1
FNDA:44,multiSigStorage
DA:26,44
DA:27,44
LF:2
LH:2
BRF:0
BRH:0
end_of_record
TN:
SF:/home/bilal/bilal_projects/Learning/ERC20Diamond/contracts/libraries/LibSwap.sol
FN:14,swapStorage
FNF:1
FNH:1
FNDA:86,swapStorage
DA:15,86
DA:16,86
LF:2
LH:2
BRF:0
BRH:0
end_of_record
TN:
SF:/home/bilal/bilal_projects/Learning/ERC20Diamond/contracts/libraries/LibTokenURI.sol
FN:14,tokenURIStorage
FNF:1
FNH:1
FNDA:54,tokenURIStorage
DA:15,54
DA:16,54
LF:2
LH:2
BRF:0
BRH:0
end_of_record
TN:
SF:/home/bilal/bilal_projects/Learning/ERC20Diamond/contracts/Lock.sol
FN:13,constructor
FN:23,withdraw
FNF:2
FNH:0
FNDA:0,constructor
FNDA:0,withdraw
DA:14,0
DA:19,0
DA:20,0
DA:27,0
DA:28,0
DA:30,0
DA:32,0
LF:7
LH:0
BRDA:14,1,0,0
BRDA:14,1,1,0
BRDA:27,2,0,0
BRDA:27,2,1,0
BRDA:28,3,0,0
BRDA:28,3,1,0
BRF:6
BRH:0
end_of_record
