TN:
SF:/home/bilal/bilal_projects/Learning/ERC20Diamond/contracts/DiamondProxyContract.sol
FN:17,layout
FN:28,constructor
FN:32,addFacet
FN:53,facetAddress
FN:57,facetSelectors
FN:61,
FNF:6
FNH:6
FNDA:83,layout
FNDA:63,constructor
FNDA:21,addFacet
FNDA:1,facetAddress
FNDA:1,facetSelectors
FNDA:60,
DA:18,83
DA:19,83
DA:33,21
DA:35,21
DA:36,273
DA:37,273
DA:42,273
DA:47,273
DA:50,21
DA:54,1
DA:58,1
DA:62,60
DA:63,60
DA:64,60
DA:66,60
LF:15
LH:15
BRDA:37,1,0,273
BRDA:37,1,1,0
BRDA:64,2,0,60
BRDA:64,2,1,0
BRF:4
BRH:2
end_of_record
TN:
SF:/home/bilal/bilal_projects/Learning/ERC20Diamond/contracts/ERC20/ERC20Facet.sol
FN:9,initialize
FN:23,name
FN:27,symbol
FN:31,decimals
FN:35,totalSupply
FN:39,maxSupply
FN:43,balanceOf
FN:47,allowance
FN:51,approve
FN:55,transfer
FN:59,transferFrom
FN:63,mint
FN:67,burn
FNF:13
FNH:13
FNDA:22,initialize
FNDA:1,name
FNDA:1,symbol
FNDA:1,decimals
FNDA:3,totalSupply
FNDA:1,maxSupply
FNDA:6,balanceOf
FNDA:2,allowance
FNDA:4,approve
FNDA:3,transfer
FNDA:2,transferFrom
FNDA:11,mint
FNDA:3,burn
DA:14,22
DA:15,22
DA:17,21
DA:18,21
DA:19,21
DA:20,21
DA:24,1
DA:28,1
DA:32,1
DA:36,3
DA:40,1
DA:44,6
DA:48,2
DA:52,4
DA:56,3
DA:60,2
DA:64,11
DA:68,3
LF:18
LH:18
BRDA:15,1,0,21
BRDA:15,1,1,1
BRF:2
BRH:2
end_of_record
TN:
SF:/home/bilal/bilal_projects/Learning/ERC20Diamond/contracts/ERC20/ERC20Internal.sol
FN:10,_balanceOf
FN:14,_totalSupply
FN:18,_allowance
FN:22,_transfer
FN:40,_approve
FN:49,_transferFrom
FN:62,_mint
FN:77,_burn
FNF:8
FNH:8
FNDA:6,_balanceOf
FNDA:3,_totalSupply
FNDA:2,_allowance
FNDA:4,_transfer
FNDA:5,_approve
FNDA:2,_transferFrom
FNDA:11,_mint
FNDA:3,_burn
DA:11,6
DA:15,3
DA:19,2
DA:23,4
DA:24,4
DA:26,4
DA:28,4
DA:29,4
DA:31,3
DA:32,3
DA:33,3
DA:36,3
DA:37,3
DA:41,5
DA:42,5
DA:44,5
DA:45,5
DA:46,5
DA:50,2
DA:52,2
DA:53,2
DA:55,1
DA:56,1
DA:59,1
DA:63,11
DA:65,11
DA:67,11
DA:69,10
DA:70,10
DA:71,10
DA:74,10
DA:78,3
DA:80,3
DA:82,3
DA:83,3
DA:85,2
DA:86,2
DA:87,2
DA:90,2
LF:39
LH:39
BRDA:23,1,0,4
BRDA:23,1,1,0
BRDA:24,2,0,4
BRDA:24,2,1,0
BRDA:29,3,0,3
BRDA:29,3,1,1
BRDA:41,4,0,5
BRDA:41,4,1,0
BRDA:42,5,0,5
BRDA:42,5,1,0
BRDA:53,6,0,1
BRDA:53,6,1,1
BRDA:63,7,0,11
BRDA:63,7,1,0
BRDA:67,8,0,10
BRDA:67,8,1,1
BRDA:78,9,0,3
BRDA:78,9,1,0
BRDA:83,10,0,2
BRDA:83,10,1,1
BRF:20
BRH:14
end_of_record
TN:
SF:/home/bilal/bilal_projects/Learning/ERC20Diamond/contracts/ERC20/ERC20Storage.sol
FN:17,layout
FNF:1
FNH:1
FNDA:62,layout
DA:18,62
DA:19,62
LF:2
LH:2
BRF:0
BRH:0
end_of_record
